Summary of SPARK analysis
=========================

--------------------------------------------------------------------------------------------
SPARK Analysis results        Total       Flow   CodePeer     Provers   Justified   Unproved
--------------------------------------------------------------------------------------------
Data Dependencies                 .          .          .           .           .          .
Flow Dependencies                 1          1          .           .           .          .
Initialization                    .          .          .           .           .          .
Non-Aliasing                      .          .          .           .           .          .
Run-time Checks                   2          .          .    1 (CVC4)           .          1
Assertions                        .          .          .           .           .          .
Functional Contracts              .          .          .           .           .          .
LSP Verification                  .          .          .           .           .          .
Termination                       .          .          .           .           .          .
Concurrency                       .          .          .           .           .          .
--------------------------------------------------------------------------------------------
Total                             3    1 (33%)          .     1 (33%)           .    1 (33%)


max steps used for successful proof: 1

Analyzed 1 unit
in unit levels, 2 subprograms and packages out of 2 analyzed
  Levels at levels.ads:1 flow analyzed (0 errors, 0 checks and 0 warnings) and proved (0 checks)
  Levels.P1 at levels.ads:4 flow analyzed (0 errors, 0 checks and 0 warnings) and not proved, 1 checks out of 2 proved
