Summary of SPARK analysis
=========================

--------------------------------------------------------------------------------------------
SPARK Analysis results        Total       Flow   CodePeer     Provers   Justified   Unproved
--------------------------------------------------------------------------------------------
Data Dependencies                 .          .          .           .           .          .
Flow Dependencies                 1          1          .           .           .          .
Initialization                    .          .          .           .           .          .
Non-Aliasing                      .          .          .           .           .          .
Run-time Checks                   3          .          .    3 (CVC4)           .          .
Assertions                        .          .          .           .           .          .
Functional Contracts              .          .          .           .           .          .
LSP Verification                  .          .          .           .           .          .
Termination                       .          .          .           .           .          .
Concurrency                       .          .          .           .           .          .
--------------------------------------------------------------------------------------------
Total                             4    1 (25%)          .     3 (75%)           .          .


max steps used for successful proof: 1

Analyzed 1 unit
in unit levels, 3 subprograms and packages out of 3 analyzed
  Levels at levels.ads:1 flow analyzed (0 errors, 0 checks and 0 warnings) and proved (0 checks)
  Levels.P1 at levels.ads:4 flow analyzed (0 errors, 0 checks and 0 warnings) and proved (2 checks)
  Levels.P2 at levels.ads:8 flow analyzed (0 errors, 0 checks and 0 warnings) and proved (1 checks)
