Summary of SPARK analysis
=========================

------------------------------------------------------------------------------------------
SPARK Analysis results        Total      Flow   CodePeer   Provers   Justified    Unproved
------------------------------------------------------------------------------------------
Data Dependencies                 .         .          .         .           .           .
Flow Dependencies                 .         .          .         .           .           .
Initialization                    .         .          .         .           .           .
Non-Aliasing                      .         .          .         .           .           .
Run-time Checks                   1         .          .         .           .           1
Assertions                        .         .          .         .           .           .
Functional Contracts              .         .          .         .           .           .
LSP Verification                  .         .          .         .           .           .
Termination                       .         .          .         .           .           .
Concurrency                       .         .          .         .           .           .
------------------------------------------------------------------------------------------
Total                             1         .          .         .           .    1 (100%)


max steps used for successful proof: 0

Analyzed 1 unit
in unit increment, 2 subprograms and packages out of 2 analyzed
  increment at increment.ads:1 flow analyzed (0 errors, 0 checks and 0 warnings) and proved (0 checks)
  increment.bad_incr at increment.ads:6 flow analyzed (0 errors, 0 checks and 0 warnings) and not proved, 0 checks out of 1 proved
