Summary of SPARK analysis
=========================

-------------------------------------------------------------------------------------------
SPARK Analysis results        Total      Flow   CodePeer     Provers   Justified   Unproved
-------------------------------------------------------------------------------------------
Data Dependencies                 .         .          .           .           .          .
Flow Dependencies                 .         .          .           .           .          .
Initialization                    .         .          .           .           .          .
Non-Aliasing                      .         .          .           .           .          .
Run-time Checks                   3         .          .    3 (CVC4)           .          .
Assertions                        .         .          .           .           .          .
Functional Contracts              4         .          .    3 (CVC4)           .          1
LSP Verification                  .         .          .           .           .          .
Termination                       .         .          .           .           .          .
Concurrency                       .         .          .           .           .          .
-------------------------------------------------------------------------------------------
Total                             7         .          .     6 (86%)           .    1 (14%)


max steps used for successful proof: 1

Analyzed 1 unit
in unit increment, 5 subprograms and packages out of 5 analyzed
  increment at increment.ads:1 flow analyzed (0 errors, 0 checks and 0 warnings) and proved (0 checks)
  increment.bad_incr at increment.ads:6 flow analyzed (0 errors, 0 checks and 0 warnings) and proved (2 checks)
  increment.bad_proc at increment.ads:12 flow analyzed (0 errors, 0 checks and 0 warnings) and proved (2 checks)
  increment.decrement at increment.ads:24 flow analyzed (0 errors, 0 checks and 0 warnings) and not proved, 1 checks out of 2 proved
  increment.flip at increment.ads:19 flow analyzed (0 errors, 0 checks and 0 warnings) and proved (1 checks)
